Build started 3/19/2012 3:24:16 PM.
     1>Project "C:\Users\CJ\Dropbox\School\CS4496CompAnim\CompAnim_P3\Project3.vcxproj" on node 2 (build target(s)).
     1>InitializeBuildStatus:
         Touching "Release\Project3.unsuccessfulbuild".
       ClCompile:
         All outputs are up-to-date.
       ManifestResourceCompile:
         All outputs are up-to-date.
       Link:
         C:\Program Files (x86)\Microsoft Visual Studio 10.0\VC\bin\link.exe /ERRORREPORT:PROMPT /OUT:"C:\Users\CJ\Dropbox\School\CS4496CompAnim\CompAnim_P3\Release\Project3.exe" /INCREMENTAL /NOLOGO /LIBPATH:"C:\Program Files (x86)\NVIDIA Corporation\NVIDIA PhysX SDK\v2.8.4_win\SDKs\lib\Win32" PhysXLoader.lib kernel32.lib user32.lib gdi32.lib winspool.lib comdlg32.lib advapi32.lib shell32.lib ole32.lib oleaut32.lib uuid.lib odbc32.lib odbccp32.lib /MANIFEST /ManifestFile:"Release\Project3.exe.intermediate.manifest" /MANIFESTUAC:"level='asInvoker' uiAccess='false'" /PDB:"C:\Users\CJ\Dropbox\School\CS4496CompAnim\CompAnim_P3\Release\Project3.pdb" /SUBSYSTEM:CONSOLE /OPT:REF /OPT:ICF /LTCG /TLBID:1 /DYNAMICBASE /NXCOMPAT /IMPLIB:"C:\Users\CJ\Dropbox\School\CS4496CompAnim\CompAnim_P3\Release\Project3.lib" /MACHINE:X86 Release\Project3.exe.embed.manifest.res
         Release\Actors.obj
         Release\DrawObjects.obj
         Release\main.obj
         Release\Simulator.obj
         Release\cooking.obj
         Release\Stream.obj
         Release\Timing_WIN.obj
         Release\UserAllocator.obj
     1>LINK : warning LNK4075: ignoring '/INCREMENTAL' due to '/LTCG' specification
         Generating code
         Finished generating code
       Manifest:
         C:\Program Files (x86)\Microsoft SDKs\Windows\v7.0A\bin\mt.exe /nologo /verbose /out:"Release\Project3.exe.embed.manifest" /manifest Release\Project3.exe.intermediate.manifest
         C:\Program Files (x86)\Microsoft SDKs\Windows\v7.0A\bin\rc.exe /nologo /fo"Release\Project3.exe.embed.manifest.res" Release\Project3_manifest.rc 
       LinkEmbedManifest:
         C:\Program Files (x86)\Microsoft Visual Studio 10.0\VC\bin\link.exe /ERRORREPORT:PROMPT /OUT:"C:\Users\CJ\Dropbox\School\CS4496CompAnim\CompAnim_P3\Release\Project3.exe" /INCREMENTAL /NOLOGO /LIBPATH:"C:\Program Files (x86)\NVIDIA Corporation\NVIDIA PhysX SDK\v2.8.4_win\SDKs\lib\Win32" PhysXLoader.lib kernel32.lib user32.lib gdi32.lib winspool.lib comdlg32.lib advapi32.lib shell32.lib ole32.lib oleaut32.lib uuid.lib odbc32.lib odbccp32.lib /MANIFEST /ManifestFile:"Release\Project3.exe.intermediate.manifest" /MANIFESTUAC:"level='asInvoker' uiAccess='false'" /PDB:"C:\Users\CJ\Dropbox\School\CS4496CompAnim\CompAnim_P3\Release\Project3.pdb" /SUBSYSTEM:CONSOLE /OPT:REF /OPT:ICF /LTCG /TLBID:1 /DYNAMICBASE /NXCOMPAT /IMPLIB:"C:\Users\CJ\Dropbox\School\CS4496CompAnim\CompAnim_P3\Release\Project3.lib" /MACHINE:X86 Release\Project3.exe.embed.manifest.res
         Release\Actors.obj
         Release\DrawObjects.obj
         Release\main.obj
         Release\Simulator.obj
         Release\cooking.obj
         Release\Stream.obj
         Release\Timing_WIN.obj
         Release\UserAllocator.obj
     1>LINK : warning LNK4075: ignoring '/INCREMENTAL' due to '/LTCG' specification
         Generating code
         Finished generating code
         Project3.vcxproj -> C:\Users\CJ\Dropbox\School\CS4496CompAnim\CompAnim_P3\Release\Project3.exe
       FinalizeBuildStatus:
         Deleting file "Release\Project3.unsuccessfulbuild".
         Touching "Release\Project3.lastbuildstate".
     1>Done Building Project "C:\Users\CJ\Dropbox\School\CS4496CompAnim\CompAnim_P3\Project3.vcxproj" (build target(s)).

Build succeeded.

Time Elapsed 00:00:02.51
